#
# There is insufficient memory for the Java Runtime Environment to continue.
# Native memory allocation (malloc) failed to allocate 7131712 bytes for Chunk::new
# Possible reasons:
#   The system is out of physical RAM or swap space
#   The process is running with CompressedOops enabled, and the Java Heap may be blocking the growth of the native heap
# Possible solutions:
#   Reduce memory load on the system
#   Increase physical memory or swap space
#   Check if swap backing store is full
#   Decrease Java heap size (-Xmx/-Xms)
#   Decrease number of Java threads
#   Decrease Java thread stack sizes (-Xss)
#   Set larger code cache with -XX:ReservedCodeCacheSize=
#   JVM is running with Unscaled Compressed Oops mode in which the Java heap is
#     placed in the first 4GB address space. The Java Heap base address is the
#     maximum limit for the native heap growth. Please use -XX:HeapBaseMinAddress
#     to set the Java Heap base and to place the Java Heap above 4GB virtual address.
# This output file may be truncated or incomplete.
#
#  Out of Memory Error (arena.cpp:168), pid=28024, tid=11164
#
# JRE version: Java(TM) SE Runtime Environment (21.0.1+12) (build 21.0.1+12-LTS-29)
# Java VM: Java HotSpot(TM) 64-Bit Server VM (21.0.1+12-LTS-29, mixed mode, sharing, tiered, compressed oops, compressed class ptrs, g1 gc, windows-amd64)
# No core dump will be written. Minidumps are not enabled by default on client versions of Windows
#

---------------  S U M M A R Y ------------

Command Line: -Dclassworlds.conf=C:\Program Files\apache-maven-3.9.6\bin\m2.conf -Dmaven.home=C:\Program Files\apache-maven-3.9.6 -Dlibrary.jansi.path=C:\Program Files\apache-maven-3.9.6\lib\jansi-native -Dmaven.multiModuleProjectDirectory=C:\Users\laura\Downloads\LAB7AREP org.codehaus.plexus.classworlds.launcher.Launcher clean package

Host: 11th Gen Intel(R) Core(TM) i5-11320H @ 3.20GHz, 8 cores, 7G,  Windows 11 , 64 bit Build 26100 (10.0.26100.3323)
Time: Thu Mar 20 09:28:32 2025 Hora est. Pacífico, Sudamérica elapsed time: 12.184571 seconds (0d 0h 0m 12s)

---------------  T H R E A D  ---------------

Current thread (0x00000265eea71fe0):  JavaThread "C2 CompilerThread0" daemon [_thread_in_native, id=11164, stack(0x000000dfa2200000,0x000000dfa2300000) (1024K)]


Current CompileTask:
C2:  12184 8094   !   4       org.codehaus.plexus.classworlds.realm.ClassRealm::loadClass (33 bytes)

Stack: [0x000000dfa2200000,0x000000dfa2300000]
Native frames: (J=compiled Java code, j=interpreted, Vv=VM code, C=native code)
V  [jvm.dll+0x6c9029]
V  [jvm.dll+0x854b81]
V  [jvm.dll+0x856e5e]
V  [jvm.dll+0x857543]
V  [jvm.dll+0x280c06]
V  [jvm.dll+0xc3ead]
V  [jvm.dll+0xc43c3]
V  [jvm.dll+0x3b576c]
V  [jvm.dll+0x1e1ec3]
V  [jvm.dll+0x249c22]
V  [jvm.dll+0x2490b1]
V  [jvm.dll+0x1c9ca1]
V  [jvm.dll+0x2586b9]
V  [jvm.dll+0x256c9a]
V  [jvm.dll+0x3ef1b6]
V  [jvm.dll+0x7fd728]
V  [jvm.dll+0x6c777d]
C  [ucrtbase.dll+0x37b0]
C  [KERNEL32.DLL+0x2e8d7]
C  [ntdll.dll+0xbbf6c]


---------------  P R O C E S S  ---------------

Threads class SMR info:
_java_thread_list=0x00000265f4dcd050, length=13, elements={
0x00000265d1fef470, 0x00000265ee4a7ab0, 0x00000265ee4a89b0, 0x00000265ee4b1760,
0x00000265ee4b2730, 0x00000265ee4b2f50, 0x00000265ee4b9810, 0x00000265eea71fe0,
0x00000265eea731a0, 0x00000265eebb6290, 0x00000265eebca750, 0x00000265eea75a80,
0x00000265eea73f40
}

Java Threads: ( => current thread )
  0x00000265d1fef470 JavaThread "main"                              [_thread_blocked, id=15468, stack(0x000000dfa1400000,0x000000dfa1500000) (1024K)]
  0x00000265ee4a7ab0 JavaThread "Reference Handler"          daemon [_thread_blocked, id=29924, stack(0x000000dfa1c00000,0x000000dfa1d00000) (1024K)]
  0x00000265ee4a89b0 JavaThread "Finalizer"                  daemon [_thread_blocked, id=30548, stack(0x000000dfa1d00000,0x000000dfa1e00000) (1024K)]
  0x00000265ee4b1760 JavaThread "Signal Dispatcher"          daemon [_thread_blocked, id=24876, stack(0x000000dfa1e00000,0x000000dfa1f00000) (1024K)]
  0x00000265ee4b2730 JavaThread "Attach Listener"            daemon [_thread_blocked, id=28732, stack(0x000000dfa1f00000,0x000000dfa2000000) (1024K)]
  0x00000265ee4b2f50 JavaThread "Service Thread"             daemon [_thread_blocked, id=35668, stack(0x000000dfa2000000,0x000000dfa2100000) (1024K)]
  0x00000265ee4b9810 JavaThread "Monitor Deflation Thread"   daemon [_thread_blocked, id=8524, stack(0x000000dfa2100000,0x000000dfa2200000) (1024K)]
=>0x00000265eea71fe0 JavaThread "C2 CompilerThread0"         daemon [_thread_in_native, id=11164, stack(0x000000dfa2200000,0x000000dfa2300000) (1024K)]
  0x00000265eea731a0 JavaThread "C1 CompilerThread0"         daemon [_thread_blocked, id=14676, stack(0x000000dfa2300000,0x000000dfa2400000) (1024K)]
  0x00000265eebb6290 JavaThread "Notification Thread"        daemon [_thread_blocked, id=748, stack(0x000000dfa2400000,0x000000dfa2500000) (1024K)]
  0x00000265eebca750 JavaThread "Common-Cleaner"             daemon [_thread_blocked, id=27208, stack(0x000000dfa2500000,0x000000dfa2600000) (1024K)]
  0x00000265eea75a80 JavaThread "C2 CompilerThread1"         daemon [_thread_in_native, id=29740, stack(0x000000dfa2600000,0x000000dfa2700000) (1024K)]
  0x00000265eea73f40 JavaThread "C2 CompilerThread2"         daemon [_thread_blocked, id=22940, stack(0x000000dfa2f00000,0x000000dfa3000000) (1024K)]
Total: 13

Other Threads:
  0x00000265ee485c90 VMThread "VM Thread"                           [id=36980, stack(0x000000dfa1b00000,0x000000dfa1c00000) (1024K)] _threads_hazard_ptr=0x00000265f4dcd050
  0x00000265d20430e0 WorkerThread "GC Thread#0"                     [id=25332, stack(0x000000dfa1500000,0x000000dfa1600000) (1024K)]
  0x00000265f3892c40 WorkerThread "GC Thread#1"                     [id=39848, stack(0x000000dfa2700000,0x000000dfa2800000) (1024K)]
  0x00000265f38912e0 WorkerThread "GC Thread#2"                     [id=28300, stack(0x000000dfa2800000,0x000000dfa2900000) (1024K)]
  0x00000265f3891a20 WorkerThread "GC Thread#3"                     [id=28604, stack(0x000000dfa2900000,0x000000dfa2a00000) (1024K)]
  0x00000265f3891680 WorkerThread "GC Thread#4"                     [id=36452, stack(0x000000dfa2a00000,0x000000dfa2b00000) (1024K)]
  0x00000265f3892500 WorkerThread "GC Thread#5"                     [id=20016, stack(0x000000dfa2b00000,0x000000dfa2c00000) (1024K)]
  0x00000265f3891dc0 WorkerThread "GC Thread#6"                     [id=25012, stack(0x000000dfa2c00000,0x000000dfa2d00000) (1024K)]
  0x00000265f3892160 WorkerThread "GC Thread#7"                     [id=37004, stack(0x000000dfa2d00000,0x000000dfa2e00000) (1024K)]
  0x00000265d20924e0 ConcurrentGCThread "G1 Main Marker"            terminated
  0x00000265d2093780 WorkerThread "G1 Conc#0"                       [id=1460, stack(0x000000dfa1700000,0x000000dfa1800000) (1024K)]
  0x00000265f3d09970 WorkerThread "G1 Conc#1"                       [id=34472, stack(0x000000dfa2e00000,0x000000dfa2f00000) (1024K)]
  0x00000265ee340580 ConcurrentGCThread "G1 Refine#0"               terminated
  0x00000265ee3410f0 ConcurrentGCThread "G1 Service"                terminated
Total: 14

Threads with active compile tasks:
C2 CompilerThread0    12255 8094   !   4       org.codehaus.plexus.classworlds.realm.ClassRealm::loadClass (33 bytes)
C2 CompilerThread1    12255 8093       4       org.codehaus.plexus.classworlds.realm.ClassRealm::loadClass (7 bytes)
C2 CompilerThread2    12255 8095   !   4       java.lang.ClassLoader::loadClass (121 bytes)
Total: 3

VM state: at safepoint (normal execution)

VM Mutex/Monitor currently owned by a thread:  ([mutex/lock_event])
[0x00007ff9a645a5f8] Threads_lock - owner thread: 0x00000265ee485c90
[0x00007ff9a645a6f8] Heap_lock - owner thread: 0x00000265d1fef470

Heap address: 0x0000000083600000, size: 1994 MB, Compressed Oops mode: 32-bit

CDS archive(s) mapped at: [0x0000026580000000-0x0000026580c90000-0x0000026580c90000), size 13172736, SharedBaseAddress: 0x0000026580000000, ArchiveRelocationMode: 1.
Compressed class space mapped at: 0x0000026581000000-0x00000265c1000000, reserved size: 1073741824
Narrow klass base: 0x0000026580000000, Narrow klass shift: 0, Narrow klass range: 0x100000000

GC Precious Log:
 CardTable entry size: 512
 Card Set container configuration: InlinePtr #cards 5 size 8 Array Of Cards #cards 12 size 40 Howl #buckets 4 coarsen threshold 1843 Howl Bitmap #cards 512 size 80 coarsen threshold 460 Card regions per heap region 1 cards per card region 2048
 CPUs: 8 total, 8 available
 Memory: 7975M
 Large Page Support: Disabled
 NUMA Support: Disabled
 Compressed Oops: Enabled (32-bit)
 Heap Region Size: 1M
 Heap Min Capacity: 8M
 Heap Initial Capacity: 126M
 Heap Max Capacity: 1994M
 Pre-touch: Disabled
 Parallel Workers: 8
 Concurrent Workers: 2
 Concurrent Refinement Workers: 8
 Periodic GC: Disabled

Heap:
 garbage-first heap   total 146432K, used 66749K [0x0000000083600000, 0x0000000100000000)
  region size 1024K, 19 young (19456K), 6 survivors (6144K)
 Metaspace       used 37671K, committed 38208K, reserved 1114112K
  class space    used 4339K, committed 4608K, reserved 1048576K

Heap Regions: E=young(eden), S=young(survivor), O=old, HS=humongous(starts), HC=humongous(continues), CS=collection set, F=free, TAMS=top-at-mark-start, PB=parsable bottom
|   0|0x0000000083600000, 0x0000000083700000, 0x0000000083700000|100%| O|  |TAMS 0x0000000083600000| PB 0x0000000083600000| Untracked 
|   1|0x0000000083700000, 0x0000000083800000, 0x0000000083800000|100%| O|  |TAMS 0x0000000083700000| PB 0x0000000083700000| Untracked 
|   2|0x0000000083800000, 0x0000000083900000, 0x0000000083900000|100%| O|  |TAMS 0x0000000083800000| PB 0x0000000083800000| Untracked 
|   3|0x0000000083900000, 0x0000000083a00000, 0x0000000083a00000|100%| O|  |TAMS 0x0000000083900000| PB 0x0000000083900000| Untracked 
|   4|0x0000000083a00000, 0x0000000083b00000, 0x0000000083b00000|100%| O|  |TAMS 0x0000000083a00000| PB 0x0000000083a00000| Untracked 
|   5|0x0000000083b00000, 0x0000000083c00000, 0x0000000083c00000|100%|HS|  |TAMS 0x0000000083b00000| PB 0x0000000083b00000| Complete 
|   6|0x0000000083c00000, 0x0000000083d00000, 0x0000000083d00000|100%|HC|  |TAMS 0x0000000083c00000| PB 0x0000000083c00000| Complete 
|   7|0x0000000083d00000, 0x0000000083e00000, 0x0000000083e00000|100%|HC|  |TAMS 0x0000000083d00000| PB 0x0000000083d00000| Complete 
|   8|0x0000000083e00000, 0x0000000083f00000, 0x0000000083f00000|100%| O|  |TAMS 0x0000000083e00000| PB 0x0000000083e00000| Untracked 
|   9|0x0000000083f00000, 0x0000000084000000, 0x0000000084000000|100%| O|  |TAMS 0x0000000083f00000| PB 0x0000000083f00000| Untracked 
|  10|0x0000000084000000, 0x0000000084100000, 0x0000000084100000|100%| O|  |TAMS 0x0000000084000000| PB 0x0000000084000000| Untracked 
|  11|0x0000000084100000, 0x0000000084200000, 0x0000000084200000|100%| O|  |TAMS 0x0000000084100000| PB 0x0000000084100000| Untracked 
|  12|0x0000000084200000, 0x0000000084300000, 0x0000000084300000|100%| O|  |TAMS 0x0000000084200000| PB 0x0000000084200000| Untracked 
|  13|0x0000000084300000, 0x0000000084400000, 0x0000000084400000|100%| O|  |TAMS 0x0000000084300000| PB 0x0000000084300000| Untracked 
|  14|0x0000000084400000, 0x0000000084500000, 0x0000000084500000|100%| O|  |TAMS 0x0000000084400000| PB 0x0000000084400000| Untracked 
|  15|0x0000000084500000, 0x0000000084600000, 0x0000000084600000|100%| O|  |TAMS 0x0000000084500000| PB 0x0000000084500000| Untracked 
|  16|0x0000000084600000, 0x0000000084700000, 0x0000000084700000|100%|HS|  |TAMS 0x0000000084600000| PB 0x0000000084600000| Complete 
|  17|0x0000000084700000, 0x0000000084800000, 0x0000000084800000|100%|HS|  |TAMS 0x0000000084700000| PB 0x0000000084700000| Complete 
|  18|0x0000000084800000, 0x0000000084900000, 0x0000000084900000|100%|HC|  |TAMS 0x0000000084800000| PB 0x0000000084800000| Complete 
|  19|0x0000000084900000, 0x0000000084a00000, 0x0000000084a00000|100%|HC|  |TAMS 0x0000000084900000| PB 0x0000000084900000| Complete 
|  20|0x0000000084a00000, 0x0000000084b00000, 0x0000000084b00000|100%| O|  |TAMS 0x0000000084a00000| PB 0x0000000084a00000| Untracked 
|  21|0x0000000084b00000, 0x0000000084c00000, 0x0000000084c00000|100%| O|  |TAMS 0x0000000084b00000| PB 0x0000000084b00000| Untracked 
|  22|0x0000000084c00000, 0x0000000084ce74c0, 0x0000000084d00000| 90%| O|  |TAMS 0x0000000084c00000| PB 0x0000000084c00000| Untracked 
|  23|0x0000000084d00000, 0x0000000084e00000, 0x0000000084e00000|100%|HS|  |TAMS 0x0000000084d00000| PB 0x0000000084d00000| Complete 
|  24|0x0000000084e00000, 0x0000000084f00000, 0x0000000084f00000|100%|HS|  |TAMS 0x0000000084e00000| PB 0x0000000084e00000| Complete 
|  25|0x0000000084f00000, 0x0000000085000000, 0x0000000085000000|100%| O|  |TAMS 0x0000000084f00000| PB 0x0000000084f00000| Untracked 
|  26|0x0000000085000000, 0x0000000085100000, 0x0000000085100000|100%|HS|  |TAMS 0x0000000085000000| PB 0x0000000085000000| Complete 
|  27|0x0000000085100000, 0x0000000085200000, 0x0000000085200000|100%|HC|  |TAMS 0x0000000085100000| PB 0x0000000085100000| Complete 
|  28|0x0000000085200000, 0x0000000085300000, 0x0000000085300000|100%|HC|  |TAMS 0x0000000085200000| PB 0x0000000085200000| Complete 
|  29|0x0000000085300000, 0x0000000085400000, 0x0000000085400000|100%| O|  |TAMS 0x0000000085300000| PB 0x0000000085300000| Untracked 
|  30|0x0000000085400000, 0x0000000085500000, 0x0000000085500000|100%| O|  |TAMS 0x0000000085400000| PB 0x0000000085400000| Untracked 
|  31|0x0000000085500000, 0x0000000085600000, 0x0000000085600000|100%| O|  |TAMS 0x0000000085500000| PB 0x0000000085500000| Untracked 
|  32|0x0000000085600000, 0x0000000085700000, 0x0000000085700000|100%|HS|  |TAMS 0x0000000085600000| PB 0x0000000085600000| Complete 
|  33|0x0000000085700000, 0x0000000085700000, 0x0000000085800000|  0%| F|  |TAMS 0x0000000085700000| PB 0x0000000085700000| Untracked 
|  34|0x0000000085800000, 0x0000000085900000, 0x0000000085900000|100%| O|  |TAMS 0x0000000085800000| PB 0x0000000085800000| Untracked 
|  35|0x0000000085900000, 0x0000000085a00000, 0x0000000085a00000|100%| O|  |TAMS 0x0000000085900000| PB 0x0000000085900000| Untracked 
|  36|0x0000000085a00000, 0x0000000085b00000, 0x0000000085b00000|100%| O|  |TAMS 0x0000000085a00000| PB 0x0000000085a00000| Untracked 
|  37|0x0000000085b00000, 0x0000000085c00000, 0x0000000085c00000|100%| O|  |TAMS 0x0000000085b00000| PB 0x0000000085b00000| Untracked 
|  38|0x0000000085c00000, 0x0000000085d00000, 0x0000000085d00000|100%| O|  |TAMS 0x0000000085c00000| PB 0x0000000085c00000| Untracked 
|  39|0x0000000085d00000, 0x0000000085e00000, 0x0000000085e00000|100%| O|  |TAMS 0x0000000085d00000| PB 0x0000000085d00000| Untracked 
|  40|0x0000000085e00000, 0x0000000085f00000, 0x0000000085f00000|100%| O|  |TAMS 0x0000000085e00000| PB 0x0000000085e00000| Untracked 
|  41|0x0000000085f00000, 0x0000000086000000, 0x0000000086000000|100%| O|  |TAMS 0x0000000085f00000| PB 0x0000000085f00000| Untracked 
|  42|0x0000000086000000, 0x0000000086000000, 0x0000000086100000|  0%| F|  |TAMS 0x0000000086000000| PB 0x0000000086000000| Untracked 
|  43|0x0000000086100000, 0x0000000086100000, 0x0000000086200000|  0%| F|  |TAMS 0x0000000086100000| PB 0x0000000086100000| Untracked 
|  44|0x0000000086200000, 0x0000000086200000, 0x0000000086300000|  0%| F|  |TAMS 0x0000000086200000| PB 0x0000000086200000| Untracked 
|  45|0x0000000086300000, 0x0000000086300000, 0x0000000086400000|  0%| F|  |TAMS 0x0000000086300000| PB 0x0000000086300000| Untracked 
|  46|0x0000000086400000, 0x0000000086400000, 0x0000000086500000|  0%| F|  |TAMS 0x0000000086400000| PB 0x0000000086400000| Untracked 
|  47|0x0000000086500000, 0x0000000086500000, 0x0000000086600000|  0%| F|  |TAMS 0x0000000086500000| PB 0x0000000086500000| Untracked 
|  48|0x0000000086600000, 0x0000000086600000, 0x0000000086700000|  0%| F|  |TAMS 0x0000000086600000| PB 0x0000000086600000| Untracked 
|  49|0x0000000086700000, 0x0000000086800000, 0x0000000086800000|100%| O|  |TAMS 0x0000000086700000| PB 0x0000000086700000| Untracked 
|  50|0x0000000086800000, 0x0000000086900000, 0x0000000086900000|100%| O|  |TAMS 0x0000000086800000| PB 0x0000000086800000| Untracked 
|  51|0x0000000086900000, 0x0000000086900000, 0x0000000086a00000|  0%| F|  |TAMS 0x0000000086900000| PB 0x0000000086900000| Untracked 
|  52|0x0000000086a00000, 0x0000000086a00000, 0x0000000086b00000|  0%| F|  |TAMS 0x0000000086a00000| PB 0x0000000086a00000| Untracked 
|  53|0x0000000086b00000, 0x0000000086b00000, 0x0000000086c00000|  0%| F|  |TAMS 0x0000000086b00000| PB 0x0000000086b00000| Untracked 
|  54|0x0000000086c00000, 0x0000000086c00000, 0x0000000086d00000|  0%| F|  |TAMS 0x0000000086c00000| PB 0x0000000086c00000| Untracked 
|  55|0x0000000086d00000, 0x0000000086d00000, 0x0000000086e00000|  0%| F|  |TAMS 0x0000000086d00000| PB 0x0000000086d00000| Untracked 
|  56|0x0000000086e00000, 0x0000000086e00000, 0x0000000086f00000|  0%| F|  |TAMS 0x0000000086e00000| PB 0x0000000086e00000| Untracked 
|  57|0x0000000086f00000, 0x0000000086f00000, 0x0000000087000000|  0%| F|  |TAMS 0x0000000086f00000| PB 0x0000000086f00000| Untracked 
|  58|0x0000000087000000, 0x0000000087000000, 0x0000000087100000|  0%| F|  |TAMS 0x0000000087000000| PB 0x0000000087000000| Untracked 
|  59|0x0000000087100000, 0x0000000087100000, 0x0000000087200000|  0%| F|  |TAMS 0x0000000087100000| PB 0x0000000087100000| Untracked 
|  60|0x0000000087200000, 0x0000000087200000, 0x0000000087300000|  0%| F|  |TAMS 0x0000000087200000| PB 0x0000000087200000| Untracked 
|  61|0x0000000087300000, 0x0000000087300000, 0x0000000087400000|  0%| F|  |TAMS 0x0000000087300000| PB 0x0000000087300000| Untracked 
|  62|0x0000000087400000, 0x0000000087400000, 0x0000000087500000|  0%| F|  |TAMS 0x0000000087400000| PB 0x0000000087400000| Untracked 
|  63|0x0000000087500000, 0x0000000087500000, 0x0000000087600000|  0%| F|  |TAMS 0x0000000087500000| PB 0x0000000087500000| Untracked 
|  64|0x0000000087600000, 0x0000000087600000, 0x0000000087700000|  0%| F|  |TAMS 0x0000000087600000| PB 0x0000000087600000| Untracked 
|  65|0x0000000087700000, 0x0000000087700000, 0x0000000087800000|  0%| F|  |TAMS 0x0000000087700000| PB 0x0000000087700000| Untracked 
|  66|0x0000000087800000, 0x0000000087800000, 0x0000000087900000|  0%| F|  |TAMS 0x0000000087800000| PB 0x0000000087800000| Untracked 
|  67|0x0000000087900000, 0x0000000087900000, 0x0000000087a00000|  0%| F|  |TAMS 0x0000000087900000| PB 0x0000000087900000| Untracked 
|  68|0x0000000087a00000, 0x0000000087a00000, 0x0000000087b00000|  0%| F|  |TAMS 0x0000000087a00000| PB 0x0000000087a00000| Untracked 
|  69|0x0000000087b00000, 0x0000000087b00000, 0x0000000087c00000|  0%| F|  |TAMS 0x0000000087b00000| PB 0x0000000087b00000| Untracked 
|  70|0x0000000087c00000, 0x0000000087c00000, 0x0000000087d00000|  0%| F|  |TAMS 0x0000000087c00000| PB 0x0000000087c00000| Untracked 
|  71|0x0000000087d00000, 0x0000000087d00000, 0x0000000087e00000|  0%| F|  |TAMS 0x0000000087d00000| PB 0x0000000087d00000| Untracked 
|  72|0x0000000087e00000, 0x0000000087e00000, 0x0000000087f00000|  0%| F|  |TAMS 0x0000000087e00000| PB 0x0000000087e00000| Untracked 
|  73|0x0000000087f00000, 0x0000000087f00000, 0x0000000088000000|  0%| F|  |TAMS 0x0000000087f00000| PB 0x0000000087f00000| Untracked 
|  74|0x0000000088000000, 0x0000000088000000, 0x0000000088100000|  0%| F|  |TAMS 0x0000000088000000| PB 0x0000000088000000| Untracked 
|  75|0x0000000088100000, 0x0000000088100000, 0x0000000088200000|  0%| F|  |TAMS 0x0000000088100000| PB 0x0000000088100000| Untracked 
|  76|0x0000000088200000, 0x0000000088200000, 0x0000000088300000|  0%| F|  |TAMS 0x0000000088200000| PB 0x0000000088200000| Untracked 
|  77|0x0000000088300000, 0x0000000088300000, 0x0000000088400000|  0%| F|  |TAMS 0x0000000088300000| PB 0x0000000088300000| Untracked 
|  78|0x0000000088400000, 0x0000000088400000, 0x0000000088500000|  0%| F|  |TAMS 0x0000000088400000| PB 0x0000000088400000| Untracked 
|  79|0x0000000088500000, 0x0000000088500000, 0x0000000088600000|  0%| F|  |TAMS 0x0000000088500000| PB 0x0000000088500000| Untracked 
|  80|0x0000000088600000, 0x0000000088700000, 0x0000000088700000|100%| O|  |TAMS 0x0000000088600000| PB 0x0000000088600000| Untracked 
|  81|0x0000000088700000, 0x0000000088800000, 0x0000000088800000|100%| O|  |TAMS 0x0000000088700000| PB 0x0000000088700000| Untracked 
|  82|0x0000000088800000, 0x0000000088900000, 0x0000000088900000|100%| S|CS|TAMS 0x0000000088800000| PB 0x0000000088800000| Complete 
|  83|0x0000000088900000, 0x0000000088a00000, 0x0000000088a00000|100%| S|CS|TAMS 0x0000000088900000| PB 0x0000000088900000| Complete 
|  84|0x0000000088a00000, 0x0000000088b00000, 0x0000000088b00000|100%| S|CS|TAMS 0x0000000088a00000| PB 0x0000000088a00000| Complete 
|  85|0x0000000088b00000, 0x0000000088c00000, 0x0000000088c00000|100%| S|CS|TAMS 0x0000000088b00000| PB 0x0000000088b00000| Complete 
|  86|0x0000000088c00000, 0x0000000088c00000, 0x0000000088d00000|  0%| F|  |TAMS 0x0000000088c00000| PB 0x0000000088c00000| Untracked 
|  87|0x0000000088d00000, 0x0000000088d00000, 0x0000000088e00000|  0%| F|  |TAMS 0x0000000088d00000| PB 0x0000000088d00000| Untracked 
|  88|0x0000000088e00000, 0x0000000088e00000, 0x0000000088f00000|  0%| F|  |TAMS 0x0000000088e00000| PB 0x0000000088e00000| Untracked 
|  89|0x0000000088f00000, 0x0000000088f00000, 0x0000000089000000|  0%| F|  |TAMS 0x0000000088f00000| PB 0x0000000088f00000| Untracked 
|  90|0x0000000089000000, 0x0000000089000000, 0x0000000089100000|  0%| F|  |TAMS 0x0000000089000000| PB 0x0000000089000000| Untracked 
|  91|0x0000000089100000, 0x0000000089100000, 0x0000000089200000|  0%| F|  |TAMS 0x0000000089100000| PB 0x0000000089100000| Untracked 
|  92|0x0000000089200000, 0x0000000089200000, 0x0000000089300000|  0%| F|  |TAMS 0x0000000089200000| PB 0x0000000089200000| Untracked 
|  93|0x0000000089300000, 0x0000000089300000, 0x0000000089400000|  0%| F|  |TAMS 0x0000000089300000| PB 0x0000000089300000| Untracked 
|  94|0x0000000089400000, 0x0000000089400000, 0x0000000089500000|  0%| F|  |TAMS 0x0000000089400000| PB 0x0000000089400000| Untracked 
|  95|0x0000000089500000, 0x0000000089500000, 0x0000000089600000|  0%| F|  |TAMS 0x0000000089500000| PB 0x0000000089500000| Untracked 
|  96|0x0000000089600000, 0x0000000089600000, 0x0000000089700000|  0%| F|  |TAMS 0x0000000089600000| PB 0x0000000089600000| Untracked 
|  97|0x0000000089700000, 0x0000000089700000, 0x0000000089800000|  0%| F|  |TAMS 0x0000000089700000| PB 0x0000000089700000| Untracked 
|  98|0x0000000089800000, 0x0000000089800000, 0x0000000089900000|  0%| F|  |TAMS 0x0000000089800000| PB 0x0000000089800000| Untracked 
|  99|0x0000000089900000, 0x0000000089900000, 0x0000000089a00000|  0%| F|  |TAMS 0x0000000089900000| PB 0x0000000089900000| Untracked 
| 100|0x0000000089a00000, 0x0000000089a00000, 0x0000000089b00000|  0%| F|  |TAMS 0x0000000089a00000| PB 0x0000000089a00000| Untracked 
| 101|0x0000000089b00000, 0x0000000089b00000, 0x0000000089c00000|  0%| F|  |TAMS 0x0000000089b00000| PB 0x0000000089b00000| Untracked 
| 102|0x0000000089c00000, 0x0000000089c00000, 0x0000000089d00000|  0%| F|  |TAMS 0x0000000089c00000| PB 0x0000000089c00000| Untracked 
| 103|0x0000000089d00000, 0x0000000089d00000, 0x0000000089e00000|  0%| F|  |TAMS 0x0000000089d00000| PB 0x0000000089d00000| Untracked 
| 104|0x0000000089e00000, 0x0000000089e00000, 0x0000000089f00000|  0%| F|  |TAMS 0x0000000089e00000| PB 0x0000000089e00000| Untracked 
| 105|0x0000000089f00000, 0x0000000089f00000, 0x000000008a000000|  0%| F|  |TAMS 0x0000000089f00000| PB 0x0000000089f00000| Untracked 
| 106|0x000000008a000000, 0x000000008a000000, 0x000000008a100000|  0%| F|  |TAMS 0x000000008a000000| PB 0x000000008a000000| Untracked 
| 107|0x000000008a100000, 0x000000008a100000, 0x000000008a200000|  0%| F|  |TAMS 0x000000008a100000| PB 0x000000008a100000| Untracked 
| 108|0x000000008a200000, 0x000000008a200000, 0x000000008a300000|  0%| F|  |TAMS 0x000000008a200000| PB 0x000000008a200000| Untracked 
| 109|0x000000008a300000, 0x000000008a300000, 0x000000008a400000|  0%| F|  |TAMS 0x000000008a300000| PB 0x000000008a300000| Untracked 
| 110|0x000000008a400000, 0x000000008a400000, 0x000000008a500000|  0%| F|  |TAMS 0x000000008a400000| PB 0x000000008a400000| Untracked 
| 111|0x000000008a500000, 0x000000008a500000, 0x000000008a600000|  0%| F|  |TAMS 0x000000008a500000| PB 0x000000008a500000| Untracked 
| 112|0x000000008a600000, 0x000000008a600000, 0x000000008a700000|  0%| F|  |TAMS 0x000000008a600000| PB 0x000000008a600000| Untracked 
| 113|0x000000008a700000, 0x000000008a700000, 0x000000008a800000|  0%| F|  |TAMS 0x000000008a700000| PB 0x000000008a700000| Untracked 
| 114|0x000000008a800000, 0x000000008a800000, 0x000000008a900000|  0%| F|  |TAMS 0x000000008a800000| PB 0x000000008a800000| Untracked 
| 115|0x000000008a900000, 0x000000008a900000, 0x000000008aa00000|  0%| F|  |TAMS 0x000000008a900000| PB 0x000000008a900000| Untracked 
| 116|0x000000008aa00000, 0x000000008aa00000, 0x000000008ab00000|  0%| F|  |TAMS 0x000000008aa00000| PB 0x000000008aa00000| Untracked 
| 117|0x000000008ab00000, 0x000000008ab00000, 0x000000008ac00000|  0%| F|  |TAMS 0x000000008ab00000| PB 0x000000008ab00000| Untracked 
| 118|0x000000008ac00000, 0x000000008ac00000, 0x000000008ad00000|  0%| F|  |TAMS 0x000000008ac00000| PB 0x000000008ac00000| Untracked 
| 119|0x000000008ad00000, 0x000000008ad00000, 0x000000008ae00000|  0%| F|  |TAMS 0x000000008ad00000| PB 0x000000008ad00000| Untracked 
| 120|0x000000008ae00000, 0x000000008ae00000, 0x000000008af00000|  0%| F|  |TAMS 0x000000008ae00000| PB 0x000000008ae00000| Untracked 
| 121|0x000000008af00000, 0x000000008af00000, 0x000000008b000000|  0%| F|  |TAMS 0x000000008af00000| PB 0x000000008af00000| Untracked 
| 122|0x000000008b000000, 0x000000008b000000, 0x000000008b100000|  0%| F|  |TAMS 0x000000008b000000| PB 0x000000008b000000| Untracked 
| 123|0x000000008b100000, 0x000000008b100000, 0x000000008b200000|  0%| F|  |TAMS 0x000000008b100000| PB 0x000000008b100000| Untracked 
| 124|0x000000008b200000, 0x000000008b200000, 0x000000008b300000|  0%| F|  |TAMS 0x000000008b200000| PB 0x000000008b200000| Untracked 
| 125|0x000000008b300000, 0x000000008b3a97a0, 0x000000008b400000| 66%| E|  |TAMS 0x000000008b300000| PB 0x000000008b300000| Complete 
| 126|0x000000008b400000, 0x000000008b500000, 0x000000008b500000|100%| E|CS|TAMS 0x000000008b400000| PB 0x000000008b400000| Complete 
| 127|0x000000008b500000, 0x000000008b600000, 0x000000008b600000|100%| E|CS|TAMS 0x000000008b500000| PB 0x000000008b500000| Complete 
| 128|0x000000008b600000, 0x000000008b700000, 0x000000008b700000|100%| E|CS|TAMS 0x000000008b600000| PB 0x000000008b600000| Complete 
| 129|0x000000008b700000, 0x000000008b800000, 0x000000008b800000|100%| E|CS|TAMS 0x000000008b700000| PB 0x000000008b700000| Complete 
| 130|0x000000008b800000, 0x000000008b900000, 0x000000008b900000|100%| E|CS|TAMS 0x000000008b800000| PB 0x000000008b800000| Complete 
| 131|0x000000008b900000, 0x000000008ba00000, 0x000000008ba00000|100%| E|CS|TAMS 0x000000008b900000| PB 0x000000008b900000| Complete 
| 132|0x000000008ba00000, 0x000000008bb00000, 0x000000008bb00000|100%| S|CS|TAMS 0x000000008ba00000| PB 0x000000008ba00000| Complete 
| 133|0x000000008bb00000, 0x000000008bbb2138, 0x000000008bc00000| 69%| S|CS|TAMS 0x000000008bb00000| PB 0x000000008bb00000| Complete 
|1985|0x00000000ff700000, 0x00000000ff796090, 0x00000000ff800000| 58%| O|  |TAMS 0x00000000ff700000| PB 0x00000000ff700000| Untracked 
|1986|0x00000000ff800000, 0x00000000ff900000, 0x00000000ff900000|100%| E|CS|TAMS 0x00000000ff800000| PB 0x00000000ff800000| Complete 
|1987|0x00000000ff900000, 0x00000000ffa00000, 0x00000000ffa00000|100%| E|CS|TAMS 0x00000000ff900000| PB 0x00000000ff900000| Complete 
|1988|0x00000000ffa00000, 0x00000000ffb00000, 0x00000000ffb00000|100%| E|CS|TAMS 0x00000000ffa00000| PB 0x00000000ffa00000| Complete 
|1989|0x00000000ffb00000, 0x00000000ffc00000, 0x00000000ffc00000|100%| O|  |TAMS 0x00000000ffb00000| PB 0x00000000ffb00000| Untracked 
|1990|0x00000000ffc00000, 0x00000000ffd00000, 0x00000000ffd00000|100%| E|CS|TAMS 0x00000000ffc00000| PB 0x00000000ffc00000| Complete 
|1991|0x00000000ffd00000, 0x00000000ffe00000, 0x00000000ffe00000|100%| E|CS|TAMS 0x00000000ffd00000| PB 0x00000000ffd00000| Complete 
|1992|0x00000000ffe00000, 0x00000000fff00000, 0x00000000fff00000|100%| E|CS|TAMS 0x00000000ffe00000| PB 0x00000000ffe00000| Complete 
|1993|0x00000000fff00000, 0x0000000100000000, 0x0000000100000000|100%| O|Cm|TAMS 0x00000000fff00000| PB 0x00000000fff00000| Complete 

Card table byte_map: [0x00000265e9b60000,0x00000265e9f50000] _byte_map_base: 0x00000265e9745000

Marking Bits: (CMBitMap*) 0x00000265d20437e0
 Bits: [0x00000265e9f50000, 0x00000265ebe78000)

Polling page: 0x00000265d17b0000

Metaspace:

Usage:
  Non-class:     32.55 MB used.
      Class:      4.24 MB used.
       Both:     36.79 MB used.

Virtual space:
  Non-class space:       64.00 MB reserved,      32.81 MB ( 51%) committed,  1 nodes.
      Class space:        1.00 GB reserved,       4.50 MB ( <1%) committed,  1 nodes.
             Both:        1.06 GB reserved,      37.31 MB (  3%) committed. 

Chunk freelists:
   Non-Class:  15.07 MB
       Class:  11.37 MB
        Both:  26.43 MB

MaxMetaspaceSize: unlimited
CompressedClassSpaceSize: 1.00 GB
Initial GC threshold: 21.00 MB
Current GC threshold: 54.38 MB
CDS: on
 - commit_granule_bytes: 65536.
 - commit_granule_words: 8192.
 - virtual_space_node_default_size: 8388608.
 - enlarge_chunks_in_place: 1.
 - use_allocation_guard: 0.


Internal statistics:

num_allocs_failed_limit: 6.
num_arena_births: 452.
num_arena_deaths: 4.
num_vsnodes_births: 2.
num_vsnodes_deaths: 0.
num_space_committed: 612.
num_space_uncommitted: 7.
num_chunks_returned_to_freelist: 76.
num_chunks_taken_from_freelist: 1910.
num_chunk_merges: 23.
num_chunk_splits: 1345.
num_chunks_enlarged: 1043.
num_inconsistent_stats: 0.

CodeHeap 'non-profiled nmethods': size=120000Kb used=4527Kb max_used=4527Kb free=115472Kb
 bounds [0x00000265e1f10000, 0x00000265e23a0000, 0x00000265e9440000]
CodeHeap 'profiled nmethods': size=120000Kb used=16185Kb max_used=16799Kb free=103814Kb
 bounds [0x00000265da440000, 0x00000265db4b0000, 0x00000265e1970000]
CodeHeap 'non-nmethods': size=5760Kb used=1719Kb max_used=1883Kb free=4040Kb
 bounds [0x00000265e1970000, 0x00000265e1be0000, 0x00000265e1f10000]
 total_blobs=7969 nmethods=7361 adapters=511
 compilation: enabled
              stopped_count=0, restarted_count=0
 full_count=0

Compilation events (20 events):
Event: 11.115 Thread 0x00000265eea731a0 8281       2       org.eclipse.sisu.plexus.RealmManager::contextRealm (33 bytes)
Event: 11.116 Thread 0x00000265eea731a0 nmethod 8281 0x00000265da655490 code [0x00000265da655660, 0x00000265da6558b0]
Event: 11.120 Thread 0x00000265eea731a0 8282       2       java.io.PrintStream::ensureOpen (18 bytes)
Event: 11.121 Thread 0x00000265eea731a0 nmethod 8282 0x00000265da655010 code [0x00000265da6551c0, 0x00000265da655390]
Event: 11.122 Thread 0x00000265eea731a0 8283       2       com.google.common.collect.AbstractMapBasedMultimap$WrappedList::<init> (15 bytes)
Event: 11.122 Thread 0x00000265eea731a0 nmethod 8283 0x00000265da654c10 code [0x00000265da654dc0, 0x00000265da654f28]
Event: 11.125 Thread 0x00000265eea731a0 8285       2       org.eclipse.sisu.inject.RankedSequence$Content::remove (113 bytes)
Event: 11.127 Thread 0x00000265eea731a0 nmethod 8285 0x00000265da654190 code [0x00000265da654380, 0x00000265da654a48]
Event: 11.129 Thread 0x00000265eea731a0 8286   !   2       org.eclipse.sisu.inject.RankedBindings::remove (33 bytes)
Event: 11.129 Thread 0x00000265eea731a0 nmethod 8286 0x00000265da653b10 code [0x00000265da653ce0, 0x00000265da653f88]
Event: 11.135 Thread 0x00000265eea731a0 8288       1       java.lang.invoke.ClassSpecializer$SpeciesData::getterFunctions (5 bytes)
Event: 11.136 Thread 0x00000265eea731a0 nmethod 8288 0x00000265e1f4fb10 code [0x00000265e1f4fca0, 0x00000265e1f4fd68]
Event: 11.145 Thread 0x00000265eea731a0 8289       1       com.google.inject.internal.InjectorBindingData::getExplicitBindingsThisLevel (5 bytes)
Event: 11.145 Thread 0x00000265eea731a0 nmethod 8289 0x00000265e1f4f810 code [0x00000265e1f4f9a0, 0x00000265e1f4fa68]
Event: 11.145 Thread 0x00000265eea731a0 8290       2       org.eclipse.sisu.inject.MildElements$Itr::hasNext (77 bytes)
Event: 11.146 Thread 0x00000265eea731a0 nmethod 8290 0x00000265da653510 code [0x00000265da6536e0, 0x00000265da6539c8]
Event: 11.146 Thread 0x00000265eea731a0 8291       2       org.eclipse.sisu.inject.MildElements::compact (21 bytes)
Event: 11.146 Thread 0x00000265eea731a0 nmethod 8291 0x00000265da653090 code [0x00000265da653240, 0x00000265da653408]
Event: 11.147 Thread 0x00000265eea731a0 8292       1       java.util.concurrent.CopyOnWriteArrayList::getArray (5 bytes)
Event: 11.147 Thread 0x00000265eea731a0 nmethod 8292 0x00000265e1f4f510 code [0x00000265e1f4f6a0, 0x00000265e1f4f768]

GC Heap History (20 events):
Event: 0.996 GC heap before
{Heap before GC invocations=1 (full 0):
 garbage-first heap   total 129024K, used 35591K [0x0000000083600000, 0x0000000100000000)
  region size 1024K, 34 young (34816K), 3 survivors (3072K)
 Metaspace       used 10993K, committed 11200K, reserved 1114112K
  class space    used 1304K, committed 1408K, reserved 1048576K
}
Event: 1.001 GC heap after
{Heap after GC invocations=2 (full 0):
 garbage-first heap   total 129024K, used 6082K [0x0000000083600000, 0x0000000100000000)
  region size 1024K, 3 young (3072K), 3 survivors (3072K)
 Metaspace       used 10993K, committed 11200K, reserved 1114112K
  class space    used 1304K, committed 1408K, reserved 1048576K
}
Event: 2.661 GC heap before
{Heap before GC invocations=2 (full 0):
 garbage-first heap   total 129024K, used 79810K [0x0000000083600000, 0x0000000100000000)
  region size 1024K, 75 young (76800K), 3 survivors (3072K)
 Metaspace       used 16274K, committed 16512K, reserved 1114112K
  class space    used 1863K, committed 1984K, reserved 1048576K
}
Event: 2.672 GC heap after
{Heap after GC invocations=3 (full 0):
 garbage-first heap   total 129024K, used 14078K [0x0000000083600000, 0x0000000100000000)
  region size 1024K, 10 young (10240K), 10 survivors (10240K)
 Metaspace       used 16274K, committed 16512K, reserved 1114112K
  class space    used 1863K, committed 1984K, reserved 1048576K
}
Event: 4.040 GC heap before
{Heap before GC invocations=3 (full 0):
 garbage-first heap   total 129024K, used 83710K [0x0000000083600000, 0x0000000100000000)
  region size 1024K, 75 young (76800K), 10 survivors (10240K)
 Metaspace       used 20647K, committed 20928K, reserved 1114112K
  class space    used 2311K, committed 2432K, reserved 1048576K
}
Event: 4.050 GC heap after
{Heap after GC invocations=4 (full 0):
 garbage-first heap   total 129024K, used 22528K [0x0000000083600000, 0x0000000100000000)
  region size 1024K, 6 young (6144K), 6 survivors (6144K)
 Metaspace       used 20647K, committed 20928K, reserved 1114112K
  class space    used 2311K, committed 2432K, reserved 1048576K
}
Event: 4.126 GC heap before
{Heap before GC invocations=4 (full 0):
 garbage-first heap   total 129024K, used 33792K [0x0000000083600000, 0x0000000100000000)
  region size 1024K, 15 young (15360K), 6 survivors (6144K)
 Metaspace       used 21259K, committed 21504K, reserved 1114112K
  class space    used 2395K, committed 2496K, reserved 1048576K
}
Event: 4.131 GC heap after
{Heap after GC invocations=5 (full 0):
 garbage-first heap   total 129024K, used 27950K [0x0000000083600000, 0x0000000100000000)
  region size 1024K, 5 young (5120K), 5 survivors (5120K)
 Metaspace       used 21259K, committed 21504K, reserved 1114112K
  class space    used 2395K, committed 2496K, reserved 1048576K
}
Event: 5.824 GC heap before
{Heap before GC invocations=6 (full 0):
 garbage-first heap   total 99328K, used 97582K [0x0000000083600000, 0x0000000100000000)
  region size 1024K, 73 young (74752K), 5 survivors (5120K)
 Metaspace       used 28602K, committed 28992K, reserved 1114112K
  class space    used 3218K, committed 3392K, reserved 1048576K
}
Event: 5.840 GC heap after
{Heap after GC invocations=7 (full 0):
 garbage-first heap   total 116736K, used 41809K [0x0000000083600000, 0x0000000100000000)
  region size 1024K, 10 young (10240K), 10 survivors (10240K)
 Metaspace       used 28602K, committed 28992K, reserved 1114112K
  class space    used 3218K, committed 3392K, reserved 1048576K
}
Event: 6.681 GC heap before
{Heap before GC invocations=7 (full 0):
 garbage-first heap   total 116736K, used 100177K [0x0000000083600000, 0x0000000100000000)
  region size 1024K, 62 young (63488K), 10 survivors (10240K)
 Metaspace       used 30729K, committed 31104K, reserved 1114112K
  class space    used 3474K, committed 3648K, reserved 1048576K
}
Event: 6.697 GC heap after
{Heap after GC invocations=8 (full 0):
 garbage-first heap   total 117760K, used 51101K [0x0000000083600000, 0x0000000100000000)
  region size 1024K, 8 young (8192K), 8 survivors (8192K)
 Metaspace       used 30729K, committed 31104K, reserved 1114112K
  class space    used 3474K, committed 3648K, reserved 1048576K
}
Event: 7.206 GC heap before
{Heap before GC invocations=8 (full 0):
 garbage-first heap   total 117760K, used 96157K [0x0000000083600000, 0x0000000100000000)
  region size 1024K, 51 young (52224K), 8 survivors (8192K)
 Metaspace       used 31703K, committed 32192K, reserved 1114112K
  class space    used 3584K, committed 3776K, reserved 1048576K
}
Event: 7.216 GC heap after
{Heap after GC invocations=9 (full 0):
 garbage-first heap   total 117760K, used 61341K [0x0000000083600000, 0x0000000100000000)
  region size 1024K, 7 young (7168K), 7 survivors (7168K)
 Metaspace       used 31703K, committed 32192K, reserved 1114112K
  class space    used 3584K, committed 3776K, reserved 1048576K
}
Event: 7.644 GC heap before
{Heap before GC invocations=9 (full 0):
 garbage-first heap   total 117760K, used 97181K [0x0000000083600000, 0x0000000100000000)
  region size 1024K, 42 young (43008K), 7 survivors (7168K)
 Metaspace       used 33744K, committed 34304K, reserved 1114112K
  class space    used 3784K, committed 4032K, reserved 1048576K
}
Event: 7.648 GC heap after
{Heap after GC invocations=10 (full 0):
 garbage-first heap   total 117760K, used 60829K [0x0000000083600000, 0x0000000100000000)
  region size 1024K, 2 young (2048K), 2 survivors (2048K)
 Metaspace       used 33744K, committed 34304K, reserved 1114112K
  class space    used 3784K, committed 4032K, reserved 1048576K
}
Event: 9.176 GC heap before
{Heap before GC invocations=11 (full 0):
 garbage-first heap   total 117760K, used 112029K [0x0000000083600000, 0x0000000100000000)
  region size 1024K, 39 young (39936K), 2 survivors (2048K)
 Metaspace       used 35847K, committed 36352K, reserved 1114112K
  class space    used 4118K, committed 4352K, reserved 1048576K
}
Event: 9.180 GC heap after
{Heap after GC invocations=12 (full 0):
 garbage-first heap   total 143360K, used 77807K [0x0000000083600000, 0x0000000100000000)
  region size 1024K, 5 young (5120K), 5 survivors (5120K)
 Metaspace       used 35847K, committed 36352K, reserved 1114112K
  class space    used 4118K, committed 4352K, reserved 1048576K
}
Event: 10.275 GC heap before
{Heap before GC invocations=12 (full 0):
 garbage-first heap   total 143360K, used 136175K [0x0000000083600000, 0x0000000100000000)
  region size 1024K, 50 young (51200K), 5 survivors (5120K)
 Metaspace       used 37553K, committed 38080K, reserved 1114112K
  class space    used 4322K, committed 4544K, reserved 1048576K
}
Event: 10.280 GC heap after
{Heap after GC invocations=13 (full 0):
 garbage-first heap   total 146432K, used 52413K [0x0000000083600000, 0x0000000100000000)
  region size 1024K, 6 young (6144K), 6 survivors (6144K)
 Metaspace       used 37553K, committed 38080K, reserved 1114112K
  class space    used 4322K, committed 4544K, reserved 1048576K
}

Dll operation events (8 events):
Event: 0.008 Loaded shared library C:\Program Files\Java\jdk-21\bin\java.dll
Event: 0.033 Loaded shared library C:\Program Files\Java\jdk-21\bin\jsvml.dll
Event: 0.048 Loaded shared library C:\Program Files\Java\jdk-21\bin\net.dll
Event: 0.049 Loaded shared library C:\Program Files\Java\jdk-21\bin\nio.dll
Event: 0.052 Loaded shared library C:\Program Files\Java\jdk-21\bin\zip.dll
Event: 0.125 Loaded shared library C:\Program Files\Java\jdk-21\bin\jimage.dll
Event: 0.165 Loaded shared library C:\Program Files\apache-maven-3.9.6\lib\jansi-native\Windows\x86_64\jansi.dll
Event: 0.176 Loaded shared library C:\Program Files\Java\jdk-21\bin\verify.dll

Deoptimization events (20 events):
Event: 9.929 Thread 0x00000265d1fef470 DEOPT PACKING pc=0x00000265e23358d8 sp=0x000000dfa14fdd90
Event: 9.929 Thread 0x00000265d1fef470 DEOPT UNPACKING pc=0x00000265e19c7da2 sp=0x000000dfa14fdd28 mode 2
Event: 10.283 Thread 0x00000265d1fef470 DEOPT PACKING pc=0x00000265db3b4e72 sp=0x000000dfa14fda60
Event: 10.283 Thread 0x00000265d1fef470 DEOPT UNPACKING pc=0x00000265e19c88e2 sp=0x000000dfa14fd030 mode 0
Event: 11.067 Thread 0x00000265d1fef470 DEOPT PACKING pc=0x00000265db3b4e72 sp=0x000000dfa14fdab0
Event: 11.068 Thread 0x00000265d1fef470 DEOPT UNPACKING pc=0x00000265e19c88e2 sp=0x000000dfa14fd080 mode 0
Event: 11.086 Thread 0x00000265d1fef470 DEOPT PACKING pc=0x00000265db3b4e93 sp=0x000000dfa14fdab0
Event: 11.086 Thread 0x00000265d1fef470 DEOPT UNPACKING pc=0x00000265e19c88e2 sp=0x000000dfa14fd080 mode 0
Event: 11.116 Thread 0x00000265d1fef470 Uncommon trap: trap_request=0xffffffc6 fr.pc=0x00000265e1fdab74 relative=0x0000000000000914
Event: 11.116 Thread 0x00000265d1fef470 Uncommon trap: reason=bimorphic_or_optimized_type_check action=maybe_recompile pc=0x00000265e1fdab74 method=java.util.regex.Pattern$Branch.match(Ljava/util/regex/Matcher;ILjava/lang/CharSequence;)Z @ 32 c2
Event: 11.116 Thread 0x00000265d1fef470 DEOPT PACKING pc=0x00000265e1fdab74 sp=0x000000dfa14fe130
Event: 11.116 Thread 0x00000265d1fef470 DEOPT UNPACKING pc=0x00000265e19c7da2 sp=0x000000dfa14fe0e0 mode 2
Event: 11.116 Thread 0x00000265d1fef470 Uncommon trap: trap_request=0xffffffc6 fr.pc=0x00000265e1fdab74 relative=0x0000000000000914
Event: 11.116 Thread 0x00000265d1fef470 Uncommon trap: reason=bimorphic_or_optimized_type_check action=maybe_recompile pc=0x00000265e1fdab74 method=java.util.regex.Pattern$Branch.match(Ljava/util/regex/Matcher;ILjava/lang/CharSequence;)Z @ 32 c2
Event: 11.116 Thread 0x00000265d1fef470 DEOPT PACKING pc=0x00000265e1fdab74 sp=0x000000dfa14fe090
Event: 11.116 Thread 0x00000265d1fef470 DEOPT UNPACKING pc=0x00000265e19c7da2 sp=0x000000dfa14fe060 mode 2
Event: 11.116 Thread 0x00000265d1fef470 Uncommon trap: trap_request=0xffffffc6 fr.pc=0x00000265e1fdab74 relative=0x0000000000000914
Event: 11.116 Thread 0x00000265d1fef470 Uncommon trap: reason=bimorphic_or_optimized_type_check action=maybe_recompile pc=0x00000265e1fdab74 method=java.util.regex.Pattern$Branch.match(Ljava/util/regex/Matcher;ILjava/lang/CharSequence;)Z @ 32 c2
Event: 11.116 Thread 0x00000265d1fef470 DEOPT PACKING pc=0x00000265e1fdab74 sp=0x000000dfa14fdfb0
Event: 11.116 Thread 0x00000265d1fef470 DEOPT UNPACKING pc=0x00000265e19c7da2 sp=0x000000dfa14fdf60 mode 2

Classes loaded (20 events):
Event: 9.645 Loading class javax/management/InstanceNotFoundException
Event: 9.645 Loading class javax/management/OperationsException
Event: 9.645 Loading class javax/management/OperationsException done
Event: 9.645 Loading class javax/management/InstanceNotFoundException done
Event: 9.647 Loading class java/util/jar/JarOutputStream
Event: 9.647 Loading class java/util/jar/JarOutputStream done
Event: 9.737 Loading class java/net/HttpURLConnection
Event: 9.737 Loading class java/net/HttpURLConnection done
Event: 9.740 Loading class java/util/stream/DistinctOps
Event: 9.741 Loading class java/util/stream/DistinctOps done
Event: 9.741 Loading class java/util/stream/DistinctOps$1
Event: 9.741 Loading class java/util/stream/DistinctOps$1 done
Event: 9.744 Loading class java/util/stream/DistinctOps$1$2
Event: 9.744 Loading class java/util/stream/DistinctOps$1$2 done
Event: 9.797 Loading class java/util/jar/JarInputStream
Event: 9.797 Loading class java/util/jar/JarInputStream done
Event: 9.818 Loading class java/io/FileFilter
Event: 9.818 Loading class java/io/FileFilter done
Event: 9.820 Loading class sun/security/util/ManifestEntryVerifier
Event: 9.820 Loading class sun/security/util/ManifestEntryVerifier done

Classes unloaded (20 events):
Event: 7.662 Thread 0x00000265ee485c90 Unloading class 0x00000265813367e8 'lombok/javac/apt/MessagerDiagnosticsReceiver'
Event: 7.662 Thread 0x00000265ee485c90 Unloading class 0x0000026581336420 'lombok/javac/apt/InterceptingJavaFileManager'
Event: 7.662 Thread 0x00000265ee485c90 Unloading class 0x0000026581336218 'lombok/permit/dummy/Parent'
Event: 7.662 Thread 0x00000265ee485c90 Unloading class 0x0000026581336000 'lombok/core/CleanupRegistry'
Event: 7.662 Thread 0x00000265ee485c90 Unloading class 0x0000026581335de8 'lombok/permit/Permit$Fake'
Event: 7.662 Thread 0x00000265ee485c90 Unloading class 0x0000026581335be8 'lombok/permit/Permit'
Event: 7.662 Thread 0x00000265ee485c90 Unloading class 0x00000265813358f8 'lombok/javac/apt/LombokProcessor$1'
Event: 7.662 Thread 0x00000265ee485c90 Unloading class 0x0000026581335700 'lombok/core/DiagnosticsReceiver'
Event: 7.662 Thread 0x00000265ee485c90 Unloading class 0x0000026581335468 'lombok/javac/apt/LombokProcessor'
Event: 7.662 Thread 0x00000265ee485c90 Unloading class 0x0000026581335238 'lombok/core/AnnotationProcessor$EcjDescriptor'
Event: 7.662 Thread 0x00000265ee485c90 Unloading class 0x0000026581335000 'lombok/core/AnnotationProcessor$JavacDescriptor'
Event: 7.662 Thread 0x00000265ee485c90 Unloading class 0x0000026581334a80 'lombok/core/AnnotationProcessor$ProcessorDescriptor'
Event: 7.662 Thread 0x00000265ee485c90 Unloading class 0x0000026581334800 'lombok/core/AnnotationProcessor'
Event: 7.662 Thread 0x00000265ee485c90 Unloading class 0x0000026581361c00 'lombok/launch/AnnotationProcessorHider$ClaimingProcessor'
Event: 7.662 Thread 0x00000265ee485c90 Unloading class 0x0000026581334498 'lombok/launch/AnnotationProcessorHider$AstModificationNotifierData'
Event: 7.662 Thread 0x00000265ee485c90 Unloading class 0x0000026581334218 'lombok/launch/ClassFileMetaData'
Event: 7.662 Thread 0x00000265ee485c90 Unloading class 0x0000026581334000 'lombok/launch/PackageShader'
Event: 7.662 Thread 0x00000265ee485c90 Unloading class 0x000002658130c480 'lombok/launch/ShadowClassLoader'
Event: 7.662 Thread 0x00000265ee485c90 Unloading class 0x000002658130c280 'lombok/launch/Main'
Event: 7.662 Thread 0x00000265ee485c90 Unloading class 0x000002658130c000 'lombok/launch/AnnotationProcessorHider$AnnotationProcessor'

Classes redefined (0 events):
No events

Internal exceptions (20 events):
Event: 7.298 Thread 0x00000265d1fef470 Exception <a 'sun/nio/fs/WindowsException'{0x00000000898d7e90}> (0x00000000898d7e90) 
thrown [s\open\src\hotspot\share\prims\jni.cpp, line 520]
Event: 7.298 Thread 0x00000265d1fef470 Exception <a 'sun/nio/fs/WindowsException'{0x00000000898d85c8}> (0x00000000898d85c8) 
thrown [s\open\src\hotspot\share\prims\jni.cpp, line 520]
Event: 7.298 Thread 0x00000265d1fef470 Exception <a 'sun/nio/fs/WindowsException'{0x00000000898d8b98}> (0x00000000898d8b98) 
thrown [s\open\src\hotspot\share\prims\jni.cpp, line 520]
Event: 7.298 Thread 0x00000265d1fef470 Exception <a 'sun/nio/fs/WindowsException'{0x00000000898d9298}> (0x00000000898d9298) 
thrown [s\open\src\hotspot\share\prims\jni.cpp, line 520]
Event: 7.298 Thread 0x00000265d1fef470 Exception <a 'sun/nio/fs/WindowsException'{0x00000000898d9980}> (0x00000000898d9980) 
thrown [s\open\src\hotspot\share\prims\jni.cpp, line 520]
Event: 7.535 Thread 0x00000265f69786f0 Exception <a 'java/lang/NoSuchMethodError'{0x0000000088495b50}: 'java.lang.Object java.lang.invoke.DirectMethodHandle$Holder.invokeStatic(java.lang.Object, long, java.lang.Object)'> (0x0000000088495b50) 
thrown [s\open\src\hotspot\share\interpreter\linkResolver.cpp, line 773]
Event: 7.535 Thread 0x00000265f69786f0 Exception <a 'java/lang/NoSuchMethodError'{0x0000000088499028}: 'java.lang.Object java.lang.invoke.DirectMethodHandle$Holder.invokeStaticInit(java.lang.Object, long, java.lang.Object)'> (0x0000000088499028) 
thrown [s\open\src\hotspot\share\interpreter\linkResolver.cpp, line 773]
Event: 7.536 Thread 0x00000265f69786f0 Exception <a 'java/lang/NoSuchMethodError'{0x000000008849e420}: 'java.lang.Object java.lang.invoke.DirectMethodHandle$Holder.newInvokeSpecial(java.lang.Object, long)'> (0x000000008849e420) 
thrown [s\open\src\hotspot\share\interpreter\linkResolver.cpp, line 773]
Event: 7.538 Thread 0x00000265f69786f0 Exception <a 'java/lang/NoSuchMethodError'{0x00000000884a2860}: 'long java.lang.invoke.DirectMethodHandle$Holder.invokeInterface(java.lang.Object, java.lang.Object)'> (0x00000000884a2860) 
thrown [s\open\src\hotspot\share\interpreter\linkResolver.cpp, line 773]
Event: 7.538 Thread 0x00000265f69786f0 Exception <a 'java/lang/NoSuchMethodError'{0x00000000884a5d18}: 'long java.lang.invoke.DelegatingMethodHandle$Holder.reinvoke_L(java.lang.Object, java.lang.Object)'> (0x00000000884a5d18) 
thrown [s\open\src\hotspot\share\interpreter\linkResolver.cpp, line 773]
Event: 7.578 Thread 0x00000265d1fef470 Exception <a 'java/lang/NoSuchMethodError'{0x00000000883e6ee8}: 'java.lang.Object java.lang.invoke.DirectMethodHandle$Holder.invokeStaticInit(java.lang.Object, java.lang.Object, int, int, int, int)'> (0x00000000883e6ee8) 
thrown [s\open\src\hotspot\share\interpreter\linkResolver.cpp, line 773]
Event: 7.774 Thread 0x00000265d1fef470 Exception <a 'java/lang/NoSuchMethodError'{0x000000008a6761a8}: 'void java.lang.invoke.DirectMethodHandle$Holder.invokeStatic(java.lang.Object, long)'> (0x000000008a6761a8) 
thrown [s\open\src\hotspot\share\interpreter\linkResolver.cpp, line 773]
Event: 8.506 Thread 0x00000265d1fef470 Exception <a 'sun/nio/fs/WindowsException'{0x00000000899fbff8}> (0x00000000899fbff8) 
thrown [s\open\src\hotspot\share\prims\jni.cpp, line 520]
Event: 9.138 Thread 0x00000265d1fef470 Exception <a 'java/lang/NoSuchMethodError'{0x0000000087b671c0}: 'void java.lang.invoke.DirectMethodHandle$Holder.invokeStaticInit(java.lang.Object, java.lang.Object)'> (0x0000000087b671c0) 
thrown [s\open\src\hotspot\share\interpreter\linkResolver.cpp, line 773]
Event: 9.175 Thread 0x00000265f59c3630 Implicit null exception at 0x00000265e22e17fb to 0x00000265e22e1f2c
Event: 9.175 Thread 0x00000265f59c4350 Implicit null exception at 0x00000265e22e17fb to 0x00000265e22e1f2c
Event: 9.176 Thread 0x00000265f59c3630 Implicit null exception at 0x00000265e22d1b03 to 0x00000265e22d1d68
Event: 9.182 Thread 0x00000265f59c1bf0 Implicit null exception at 0x00000265e22d2400 to 0x00000265e22d2580
Event: 9.182 Thread 0x00000265f59c2fa0 Implicit null exception at 0x00000265e22d2400 to 0x00000265e22d2580
Event: 9.717 Thread 0x00000265d1fef470 Exception <a 'java/lang/NoSuchMethodError'{0x0000000089960678}: 'void java.lang.invoke.DirectMethodHandle$Holder.invokeStatic(java.lang.Object, java.lang.Object, java.lang.Object, java.lang.Object)'> (0x0000000089960678) 
thrown [s\open\src\hotspot\share\interpreter\linkResolver.cpp, line 773]

ZGC Phase Switch (0 events):
No events

VM Operations (20 events):
Event: 7.777 Executing VM operation: HandshakeAllThreads (Deoptimize) done
Event: 8.780 Executing VM operation: Cleanup
Event: 8.780 Executing VM operation: Cleanup done
Event: 8.858 Executing VM operation: HandshakeAllThreads (Deoptimize)
Event: 8.858 Executing VM operation: HandshakeAllThreads (Deoptimize) done
Event: 9.023 Executing VM operation: HandshakeAllThreads (Deoptimize)
Event: 9.023 Executing VM operation: HandshakeAllThreads (Deoptimize) done
Event: 9.176 Executing VM operation: G1CollectForAllocation (G1 Evacuation Pause)
Event: 9.181 Executing VM operation: G1CollectForAllocation (G1 Evacuation Pause) done
Event: 9.653 Executing VM operation: HandshakeAllThreads (Deoptimize)
Event: 9.653 Executing VM operation: HandshakeAllThreads (Deoptimize) done
Event: 9.743 Executing VM operation: HandshakeAllThreads (Deoptimize)
Event: 9.743 Executing VM operation: HandshakeAllThreads (Deoptimize) done
Event: 9.744 Executing VM operation: HandshakeAllThreads (Deoptimize)
Event: 9.744 Executing VM operation: HandshakeAllThreads (Deoptimize) done
Event: 9.798 Executing VM operation: HandshakeAllThreads (Deoptimize)
Event: 9.798 Executing VM operation: HandshakeAllThreads (Deoptimize) done
Event: 10.275 Executing VM operation: G1CollectForAllocation (G1 Evacuation Pause)
Event: 10.280 Executing VM operation: G1CollectForAllocation (G1 Evacuation Pause) done
Event: 11.153 Executing VM operation: Exit

Events (20 events):
Event: 9.174 Thread 0x00000265f59c3630 Thread added: 0x00000265f59c3630
Event: 9.175 Thread 0x00000265f59c4350 Thread added: 0x00000265f59c4350
Event: 9.175 Thread 0x00000265f59c0ed0 Thread added: 0x00000265f59c0ed0
Event: 9.175 Thread 0x00000265f59c1560 Thread added: 0x00000265f59c1560
Event: 9.176 Thread 0x00000265f59c1bf0 Thread added: 0x00000265f59c1bf0
Event: 9.176 Thread 0x00000265f59c2fa0 Thread added: 0x00000265f59c2fa0
Event: 9.176 Thread 0x00000265f59c2280 Thread added: 0x00000265f59c2280
Event: 9.182 Thread 0x00000265f59c3cc0 Thread added: 0x00000265f59c3cc0
Event: 9.277 Thread 0x00000265f59c0ed0 Thread exited: 0x00000265f59c0ed0
Event: 9.277 Thread 0x00000265f59c2fa0 Thread exited: 0x00000265f59c2fa0
Event: 9.277 Thread 0x00000265f59c3630 Thread exited: 0x00000265f59c3630
Event: 9.277 Thread 0x00000265f59c1bf0 Thread exited: 0x00000265f59c1bf0
Event: 9.277 Thread 0x00000265f59c4350 Thread exited: 0x00000265f59c4350
Event: 9.277 Thread 0x00000265f59c2280 Thread exited: 0x00000265f59c2280
Event: 9.277 Thread 0x00000265f59c1560 Thread exited: 0x00000265f59c1560
Event: 9.277 Thread 0x00000265f59c3cc0 Thread exited: 0x00000265f59c3cc0
Event: 11.146 Thread 0x00000265fefebbd0 Thread added: 0x00000265fefebbd0
Event: 11.147 Thread 0x00000265fefee9c0 Thread added: 0x00000265fefee9c0
Event: 11.147 Thread 0x00000265fefee9c0 Thread exited: 0x00000265fefee9c0
Event: 11.148 Thread 0x00000265fefebbd0 Thread exited: 0x00000265fefebbd0


Dynamic libraries:
0x00007ff717e60000 - 0x00007ff717e70000 	C:\Program Files\Java\jdk-21\bin\java.exe
0x00007ffa98900000 - 0x00007ffa98b63000 	C:\WINDOWS\SYSTEM32\ntdll.dll
0x00007ffa3d500000 - 0x00007ffa3d51a000 	C:\Program Files\AVG\Antivirus\aswhook.dll
0x00007ffa97990000 - 0x00007ffa97a57000 	C:\WINDOWS\System32\KERNEL32.DLL
0x00007ffa95df0000 - 0x00007ffa961b9000 	C:\WINDOWS\System32\KERNELBASE.dll
0x00007ffa963d0000 - 0x00007ffa9651c000 	C:\WINDOWS\System32\ucrtbase.dll
0x00007ffa80870000 - 0x00007ffa8088b000 	C:\Program Files\Java\jdk-21\bin\VCRUNTIME140.dll
0x00007ffa81f60000 - 0x00007ffa81f79000 	C:\Program Files\Java\jdk-21\bin\jli.dll
0x00007ffa98040000 - 0x00007ffa980f2000 	C:\WINDOWS\System32\ADVAPI32.dll
0x00007ffa96b20000 - 0x00007ffa96bc9000 	C:\WINDOWS\System32\msvcrt.dll
0x00007ffa98510000 - 0x00007ffa985b6000 	C:\WINDOWS\System32\sechost.dll
0x00007ffa985c0000 - 0x00007ffa986d6000 	C:\WINDOWS\System32\RPCRT4.dll
0x00007ffa97300000 - 0x00007ffa974ca000 	C:\WINDOWS\System32\USER32.dll
0x00007ffa6f2c0000 - 0x00007ffa6f550000 	C:\WINDOWS\WinSxS\amd64_microsoft.windows.common-controls_6595b64144ccf1df_6.0.26100.3323_none_3e088096e3344490\COMCTL32.dll
0x00007ffa95ba0000 - 0x00007ffa95bc7000 	C:\WINDOWS\System32\win32u.dll
0x00007ffa96a10000 - 0x00007ffa96a3a000 	C:\WINDOWS\System32\GDI32.dll
0x00007ffa96520000 - 0x00007ffa96651000 	C:\WINDOWS\System32\gdi32full.dll
0x00007ffa95d40000 - 0x00007ffa95de3000 	C:\WINDOWS\System32\msvcp_win.dll
0x00007ffa836c0000 - 0x00007ffa836cb000 	C:\WINDOWS\SYSTEM32\VERSION.dll
0x00007ffa974d0000 - 0x00007ffa974ff000 	C:\WINDOWS\System32\IMM32.DLL
0x00007ffa902e0000 - 0x00007ffa902ec000 	C:\Program Files\Java\jdk-21\bin\vcruntime140_1.dll
0x00007ffa7ce60000 - 0x00007ffa7ceee000 	C:\Program Files\Java\jdk-21\bin\msvcp140.dll
0x00007ff9a5820000 - 0x00007ff9a6535000 	C:\Program Files\Java\jdk-21\bin\server\jvm.dll
0x00007ffa97910000 - 0x00007ffa97984000 	C:\WINDOWS\System32\WS2_32.dll
0x00007ffa94770000 - 0x00007ffa947be000 	C:\WINDOWS\SYSTEM32\POWRPROF.dll
0x00007ffa8ca30000 - 0x00007ffa8ca66000 	C:\WINDOWS\SYSTEM32\WINMM.dll
0x00007ffa94750000 - 0x00007ffa94764000 	C:\WINDOWS\SYSTEM32\UMPDC.dll
0x00007ffa94a30000 - 0x00007ffa94a4a000 	C:\WINDOWS\SYSTEM32\kernel.appcore.dll
0x00007ffa81f50000 - 0x00007ffa81f5a000 	C:\Program Files\Java\jdk-21\bin\jimage.dll
0x00007ffa93210000 - 0x00007ffa93451000 	C:\WINDOWS\SYSTEM32\DBGHELP.DLL
0x00007ffa97510000 - 0x00007ffa97892000 	C:\WINDOWS\System32\combase.dll
0x00007ffa967b0000 - 0x00007ffa96886000 	C:\WINDOWS\System32\OLEAUT32.dll
0x00007ffa73f50000 - 0x00007ffa73f89000 	C:\WINDOWS\SYSTEM32\dbgcore.DLL
0x00007ffa95b00000 - 0x00007ffa95b99000 	C:\WINDOWS\System32\bcryptPrimitives.dll
0x00007ffa80800000 - 0x00007ffa8081f000 	C:\Program Files\Java\jdk-21\bin\java.dll
0x00007ffa96be0000 - 0x00007ffa972f5000 	C:\WINDOWS\System32\SHELL32.dll
0x00007ffa95bd0000 - 0x00007ffa95d38000 	C:\WINDOWS\System32\wintypes.dll
0x00007ffa937b0000 - 0x00007ffa93ff5000 	C:\WINDOWS\SYSTEM32\windows.storage.dll
0x00007ffa97ab0000 - 0x00007ffa97b9b000 	C:\WINDOWS\System32\SHCORE.dll
0x00007ffa978b0000 - 0x00007ffa9790d000 	C:\WINDOWS\System32\shlwapi.dll
0x00007ffa95a10000 - 0x00007ffa95a3f000 	C:\WINDOWS\SYSTEM32\profapi.dll
0x00007ffa6e590000 - 0x00007ffa6e667000 	C:\Program Files\Java\jdk-21\bin\jsvml.dll
0x00007ffa81500000 - 0x00007ffa81510000 	C:\Program Files\Java\jdk-21\bin\net.dll
0x00007ffa85840000 - 0x00007ffa8595e000 	C:\WINDOWS\SYSTEM32\WINHTTP.dll
0x00007ffa94f50000 - 0x00007ffa94fba000 	C:\WINDOWS\system32\mswsock.dll
0x00007ffa807d0000 - 0x00007ffa807e6000 	C:\Program Files\Java\jdk-21\bin\nio.dll
0x00007ffa80680000 - 0x00007ffa80698000 	C:\Program Files\Java\jdk-21\bin\zip.dll
0x0000000069ac0000 - 0x0000000069ae4000 	C:\Program Files\apache-maven-3.9.6\lib\jansi-native\Windows\x86_64\jansi.dll
0x00007ffa80670000 - 0x00007ffa80680000 	C:\Program Files\Java\jdk-21\bin\verify.dll
0x00007ffa94b50000 - 0x00007ffa94b85000 	C:\WINDOWS\SYSTEM32\ntmarta.dll
0x00007ffa951f0000 - 0x00007ffa9520c000 	C:\WINDOWS\SYSTEM32\CRYPTSP.dll
0x00007ffa94990000 - 0x00007ffa949ca000 	C:\WINDOWS\system32\rsaenh.dll
0x00007ffa94ff0000 - 0x00007ffa9501b000 	C:\WINDOWS\SYSTEM32\USERENV.dll
0x00007ffa95430000 - 0x00007ffa95456000 	C:\WINDOWS\SYSTEM32\bcrypt.dll
0x00007ffa95210000 - 0x00007ffa9521c000 	C:\WINDOWS\SYSTEM32\CRYPTBASE.dll
0x00007ffa94440000 - 0x00007ffa94473000 	C:\WINDOWS\SYSTEM32\IPHLPAPI.DLL
0x00007ffa96bd0000 - 0x00007ffa96bda000 	C:\WINDOWS\System32\NSI.dll

dbghelp: loaded successfully - version: 4.0.5 - missing functions: none
symbol engine: initialized successfully - sym options: 0x614 - pdb path: .;C:\Program Files\Java\jdk-21\bin;C:\WINDOWS\SYSTEM32;C:\Program Files\AVG\Antivirus;C:\WINDOWS\WinSxS\amd64_microsoft.windows.common-controls_6595b64144ccf1df_6.0.26100.3323_none_3e088096e3344490;C:\Program Files\Java\jdk-21\bin\server;C:\Program Files\apache-maven-3.9.6\lib\jansi-native\Windows\x86_64

VM Arguments:
jvm_args: -Dclassworlds.conf=C:\Program Files\apache-maven-3.9.6\bin\m2.conf -Dmaven.home=C:\Program Files\apache-maven-3.9.6 -Dlibrary.jansi.path=C:\Program Files\apache-maven-3.9.6\lib\jansi-native -Dmaven.multiModuleProjectDirectory=C:\Users\laura\Downloads\LAB7AREP 
java_command: org.codehaus.plexus.classworlds.launcher.Launcher clean package
java_class_path (initial): C:\Program Files\apache-maven-3.9.6\boot\plexus-classworlds-2.7.0.jar
Launcher Type: SUN_STANDARD

[Global flags]
     intx CICompilerCount                          = 4                                         {product} {ergonomic}
     uint ConcGCThreads                            = 2                                         {product} {ergonomic}
     uint G1ConcRefinementThreads                  = 8                                         {product} {ergonomic}
   size_t G1HeapRegionSize                         = 1048576                                   {product} {ergonomic}
    uintx GCDrainStackTargetSize                   = 64                                        {product} {ergonomic}
   size_t InitialHeapSize                          = 132120576                                 {product} {ergonomic}
   size_t MarkStackSize                            = 4194304                                   {product} {ergonomic}
   size_t MaxHeapSize                              = 2090860544                                {product} {ergonomic}
   size_t MaxNewSize                               = 1254096896                                {product} {ergonomic}
   size_t MinHeapDeltaBytes                        = 1048576                                   {product} {ergonomic}
   size_t MinHeapSize                              = 8388608                                   {product} {ergonomic}
    uintx NonNMethodCodeHeapSize                   = 5839372                                {pd product} {ergonomic}
    uintx NonProfiledCodeHeapSize                  = 122909434                              {pd product} {ergonomic}
    uintx ProfiledCodeHeapSize                     = 122909434                              {pd product} {ergonomic}
    uintx ReservedCodeCacheSize                    = 251658240                              {pd product} {ergonomic}
     bool SegmentedCodeCache                       = true                                      {product} {ergonomic}
   size_t SoftMaxHeapSize                          = 2090860544                             {manageable} {ergonomic}
     bool UseCompressedOops                        = true                           {product lp64_product} {ergonomic}
     bool UseG1GC                                  = true                                      {product} {ergonomic}
     bool UseLargePagesIndividualAllocation        = false                                  {pd product} {ergonomic}

Logging:
Log output configuration:
 #0: stdout all=warning uptime,level,tags foldmultilines=false
 #1: stderr all=off uptime,level,tags foldmultilines=false

Environment Variables:
JAVA_HOME=C:\Program Files\Java\jdk-21
PATH=C:\Program Files (x86)\Common Files\Oracle\Java\java8path;C:\Program Files (x86)\Common Files\Oracle\Java\javapath;C:\Program Files\Java\jdk-19.0.2\bin;C:\Program Files\nodejs;C:\Program Files\apache-maven-3.9.6\bin;C:\WINDOWS\system32;C:\WINDOWS;C:\WINDOWS\System32\Wbem;C:\WINDOWS\System32\WindowsPowerShell\v1.0\;C:\WINDOWS\System32\OpenSSH\;C:\Program Files\Git\cmd;C:\Program Files\Docker\Docker\resources\bin;C:\Program Files\MySQL\MySQL Shell 8.0\bin\mysqlsh.exe;C:\Program Files\Apache24\bin;C:\Program Files\MySQL\MySQL Shell 8.0\bin\;C:\Users\laura\AppData\Local\Programs\Python\Python312\Scripts\;C:\Users\laura\AppData\Local\Programs\Python\Python312\;C:\Users\laura\AppData\Local\Microsoft\WindowsApps;C:\Users\laura\AppData\Local\Programs\Microsoft VS Code\bin;C:\Users\laura\AppData\Local\JetBrains\Toolbox\scripts;C:\Users\laura\AppData\Roaming\npm;C:\Program Files\Azure Data Studio\bin;C:\Users\laura\flutter\bin;C:\Users\laura\AppData\Local\GitHubDesktop\bin;C:\Users\laura\flutter\bin;C:\Users\laura\AppData\Local\Microsoft\WindowsApps;C:\Program Files\MySQL\MySQL Shell 8.0\bin\mysqlsh.exe;
USERNAME=laura
OS=Windows_NT
PROCESSOR_IDENTIFIER=Intel64 Family 6 Model 140 Stepping 2, GenuineIntel
TMP=C:\Users\laura\AppData\Local\Temp
TEMP=C:\Users\laura\AppData\Local\Temp




Periodic native trim disabled

---------------  S Y S T E M  ---------------

OS:
 Windows 11 , 64 bit Build 26100 (10.0.26100.3323)
OS uptime: 7 days 13:58 hours
Hyper-V role detected

CPU: total 8 (initial active 8) (4 cores per cpu, 2 threads per core) family 6 model 140 stepping 2 microcode 0x26, cx8, cmov, fxsr, ht, mmx, 3dnowpref, sse, sse2, sse3, ssse3, sse4.1, sse4.2, popcnt, lzcnt, tsc, tscinvbit, avx, avx2, aes, erms, clmul, bmi1, bmi2, adx, avx512f, avx512dq, avx512cd, avx512bw, avx512vl, sha, fma, vzeroupper, avx512_vpopcntdq, avx512_vpclmulqdq, avx512_vaes, avx512_vnni, clflush, clflushopt, clwb, avx512_vbmi2, avx512_vbmi, hv, rdtscp, rdpid, fsrm, gfni, avx512_bitalg, f16c, cet_ibt, cet_ss, avx512_ifma
Processor Information for all 8 processors :
  Max Mhz: 3187, Current Mhz: 3187, Mhz Limit: 3187

Memory: 4k page, system-wide physical 7975M (212M free)
TotalPageFile size 32551M (AvailPageFile size 14M)
current process WorkingSet (physical memory assigned to process): 584M, peak: 597M
current process commit charge ("private bytes"): 659M, peak: 665M

vm_info: Java HotSpot(TM) 64-Bit Server VM (21.0.1+12-LTS-29) for windows-amd64 JRE (21.0.1+12-LTS-29), built on 2023-10-05T13:27:09Z by "mach5one" with MS VC++ 17.1 (VS2022)

END.
